Compiling the C compiler identification source file "CMakeCCompilerId.c" failed.
Compiler: /usr/bin/cc 
Build flags: 
Id flags:  

The output was:
1
/usr/bin/ld: cannot find Scrt1.o: No such file or directory
/usr/bin/ld: cannot find crti.o: No such file or directory
collect2: error: ld returned 1 exit status


Compiling the CXX compiler identification source file "CMakeCXXCompilerId.cpp" failed.
Compiler: CMAKE_CXX_COMPILER-NOTFOUND 
Build flags: 
Id flags:  

The output was:
No such file or directory


Compiling the CXX compiler identification source file "CMakeCXXCompilerId.cpp" failed.
Compiler: CMAKE_CXX_COMPILER-NOTFOUND 
Build flags: 
Id flags: -c 

The output was:
No such file or directory


Compiling the CXX compiler identification source file "CMakeCXXCompilerId.cpp" failed.
Compiler: CMAKE_CXX_COMPILER-NOTFOUND 
Build flags: 
Id flags: --c++ 

The output was:
No such file or directory


Compiling the CXX compiler identification source file "CMakeCXXCompilerId.cpp" failed.
Compiler: CMAKE_CXX_COMPILER-NOTFOUND 
Build flags: 
Id flags: --ec++ 

The output was:
No such file or directory


Compiling the CXX compiler identification source file "CMakeCXXCompilerId.cpp" failed.
Compiler: CMAKE_CXX_COMPILER-NOTFOUND 
Build flags: 
Id flags: --target=arm-arm-none-eabi;-mcpu=cortex-m3 

The output was:
No such file or directory


Compiling the CXX compiler identification source file "CMakeCXXCompilerId.cpp" failed.
Compiler: CMAKE_CXX_COMPILER-NOTFOUND 
Build flags: 
Id flags:  

The output was:
No such file or directory


Compiling the CXX compiler identification source file "CMakeCXXCompilerId.cpp" failed.
Compiler: CMAKE_CXX_COMPILER-NOTFOUND 
Build flags: 
Id flags: -c 

The output was:
No such file or directory


Compiling the CXX compiler identification source file "CMakeCXXCompilerId.cpp" failed.
Compiler: CMAKE_CXX_COMPILER-NOTFOUND 
Build flags: 
Id flags: --c++ 

The output was:
No such file or directory


Compiling the CXX compiler identification source file "CMakeCXXCompilerId.cpp" failed.
Compiler: CMAKE_CXX_COMPILER-NOTFOUND 
Build flags: 
Id flags: --ec++ 

The output was:
No such file or directory


Compiling the CXX compiler identification source file "CMakeCXXCompilerId.cpp" failed.
Compiler: CMAKE_CXX_COMPILER-NOTFOUND 
Build flags: 
Id flags: --target=arm-arm-none-eabi;-mcpu=cortex-m3 

The output was:
No such file or directory


Determining if the C compiler works failed with the following output:
Change Dir: /home/jacob/dev/projects/Chessapeake/build/CMakeFiles/CMakeTmp

Run Build Command(s):/usr/bin/make cmTC_b63e7/fast && /usr/bin/make -f CMakeFiles/cmTC_b63e7.dir/build.make CMakeFiles/cmTC_b63e7.dir/build
make[1]: Entering directory '/home/jacob/dev/projects/Chessapeake/build/CMakeFiles/CMakeTmp'
Building C object CMakeFiles/cmTC_b63e7.dir/testCCompiler.c.o
/usr/bin/cc    -o CMakeFiles/cmTC_b63e7.dir/testCCompiler.c.o   -c /home/jacob/dev/projects/Chessapeake/build/CMakeFiles/CMakeTmp/testCCompiler.c
Linking C executable cmTC_b63e7
/usr/bin/cmake -E cmake_link_script CMakeFiles/cmTC_b63e7.dir/link.txt --verbose=1
/usr/bin/cc      -rdynamic CMakeFiles/cmTC_b63e7.dir/testCCompiler.c.o  -o cmTC_b63e7 
/usr/bin/ld: cannot find Scrt1.o: No such file or directory
/usr/bin/ld: cannot find crti.o: No such file or directory
collect2: error: ld returned 1 exit status
make[1]: *** [CMakeFiles/cmTC_b63e7.dir/build.make:87: cmTC_b63e7] Error 1
make[1]: Leaving directory '/home/jacob/dev/projects/Chessapeake/build/CMakeFiles/CMakeTmp'
make: *** [Makefile:121: cmTC_b63e7/fast] Error 2



