The system is: Windows - 10.0.18363 - AMD64
Compiling the CXX compiler identification source file "CMakeCXXCompilerId.cpp" succeeded.
Compiler: C:/cygwin64/bin/c++.exe 
Build flags: 
Id flags:  

The output was:
0


Compilation of the CXX compiler identification source "CMakeCXXCompilerId.cpp" produced "a.exe"

The CXX compiler identification is GNU, found in "C:/dev/projects/ChessLand/build/CMakeFiles/3.17.2/CompilerIdCXX/a.exe"

Determining if the C compiler works passed with the following output:
Change Dir: C:/dev/projects/ChessLand/build/CMakeFiles/CMakeTmp

Run Build Command(s):C:/cygwin64/bin/make.exe cmTC_36adc/fast && /usr/bin/make  -f CMakeFiles/cmTC_36adc.dir/build.make CMakeFiles/cmTC_36adc.dir/build
make[1]: Entering directory '/cygdrive/c/dev/projects/ChessLand/build/CMakeFiles/CMakeTmp'
Building C object CMakeFiles/cmTC_36adc.dir/testCCompiler.c.obj
C:/cygwin64/bin/cc    -o CMakeFiles/cmTC_36adc.dir/testCCompiler.c.obj   -c C:/dev/projects/ChessLand/build/CMakeFiles/CMakeTmp/testCCompiler.c
Linking C executable cmTC_36adc.exe
C:/cygwin64/bin/cc      "CMakeFiles/cmTC_36adc.dir/testCCompiler.c.obj"   -o cmTC_36adc.exe 
make[1]: Leaving directory '/cygdrive/c/dev/projects/ChessLand/build/CMakeFiles/CMakeTmp'



Detecting C compiler ABI info compiled with the following output:
Change Dir: C:/dev/projects/ChessLand/build/CMakeFiles/CMakeTmp

Run Build Command(s):C:/cygwin64/bin/make.exe cmTC_ea478/fast && /usr/bin/make  -f CMakeFiles/cmTC_ea478.dir/build.make CMakeFiles/cmTC_ea478.dir/build
make[1]: Entering directory '/cygdrive/c/dev/projects/ChessLand/build/CMakeFiles/CMakeTmp'
Building C object CMakeFiles/cmTC_ea478.dir/CMakeCCompilerABI.c.obj
C:/cygwin64/bin/cc    -o CMakeFiles/cmTC_ea478.dir/CMakeCCompilerABI.c.obj   -c "C:/Program Files/CMake/share/cmake-3.17/Modules/CMakeCCompilerABI.c"
Linking C executable cmTC_ea478.exe
C:/cygwin64/bin/cc      "CMakeFiles/cmTC_ea478.dir/CMakeCCompilerABI.c.obj"   -o cmTC_ea478.exe 
make[1]: Leaving directory '/cygdrive/c/dev/projects/ChessLand/build/CMakeFiles/CMakeTmp'



Determining if the CXX compiler works passed with the following output:
Change Dir: C:/dev/projects/ChessLand/build/CMakeFiles/CMakeTmp

Run Build Command(s):C:/cygwin64/bin/make.exe cmTC_c6e6a/fast && /usr/bin/make  -f CMakeFiles/cmTC_c6e6a.dir/build.make CMakeFiles/cmTC_c6e6a.dir/build
make[1]: Entering directory '/cygdrive/c/dev/projects/ChessLand/build/CMakeFiles/CMakeTmp'
Building CXX object CMakeFiles/cmTC_c6e6a.dir/testCXXCompiler.cxx.o
C:/cygwin64/bin/c++.exe     -o CMakeFiles/cmTC_c6e6a.dir/testCXXCompiler.cxx.o -c C:/dev/projects/ChessLand/build/CMakeFiles/CMakeTmp/testCXXCompiler.cxx
Linking CXX executable cmTC_c6e6a.exe
"C:/Program Files/CMake/bin/cmake.exe" -E rm -f CMakeFiles/cmTC_c6e6a.dir/objects.a
C:/cygwin64/bin/ar.exe cr CMakeFiles/cmTC_c6e6a.dir/objects.a @CMakeFiles/cmTC_c6e6a.dir/objects1.rsp
C:/cygwin64/bin/c++.exe      -Wl,--whole-archive CMakeFiles/cmTC_c6e6a.dir/objects.a -Wl,--no-whole-archive  -o cmTC_c6e6a.exe -Wl,--out-implib,libcmTC_c6e6a.dll.a -Wl,--major-image-version,0,--minor-image-version,0 
make[1]: Leaving directory '/cygdrive/c/dev/projects/ChessLand/build/CMakeFiles/CMakeTmp'



Detecting CXX compiler ABI info compiled with the following output:
Change Dir: C:/dev/projects/ChessLand/build/CMakeFiles/CMakeTmp

Run Build Command(s):C:/cygwin64/bin/make.exe cmTC_27d07/fast && /usr/bin/make  -f CMakeFiles/cmTC_27d07.dir/build.make CMakeFiles/cmTC_27d07.dir/build
make[1]: Entering directory '/cygdrive/c/dev/projects/ChessLand/build/CMakeFiles/CMakeTmp'
Building CXX object CMakeFiles/cmTC_27d07.dir/CMakeCXXCompilerABI.cpp.o
C:/cygwin64/bin/c++.exe    -v -o CMakeFiles/cmTC_27d07.dir/CMakeCXXCompilerABI.cpp.o -c "C:/Program Files/CMake/share/cmake-3.17/Modules/CMakeCXXCompilerABI.cpp"
Using built-in specs.
COLLECT_GCC=C:/cygwin64/bin/c++
Target: x86_64-pc-cygwin
Configured with: /cygdrive/i/szsz/tmpp/gcc/gcc-8.3.0-1.x86_64/src/gcc-8.3.0/configure --srcdir=/cygdrive/i/szsz/tmpp/gcc/gcc-8.3.0-1.x86_64/src/gcc-8.3.0 --prefix=/usr --exec-prefix=/usr --localstatedir=/var --sysconfdir=/etc --docdir=/usr/share/doc/gcc --htmldir=/usr/share/doc/gcc/html -C --build=x86_64-pc-cygwin --host=x86_64-pc-cygwin --target=x86_64-pc-cygwin --without-libiconv-prefix --without-libintl-prefix --libexecdir=/usr/lib --enable-shared --enable-shared-libgcc --enable-static --enable-version-specific-runtime-libs --enable-bootstrap --enable-__cxa_atexit --with-dwarf2 --with-tune=generic --enable-languages=ada,c,c++,fortran,lto,objc,obj-c++ --enable-graphite --enable-threads=posix --enable-libatomic --enable-libgomp --enable-libitm --enable-libquadmath --enable-libquadmath-support --disable-libssp --enable-libada --disable-symvers --with-gnu-ld --with-gnu-as --with-cloog-include=/usr/include/cloog-isl --without-libiconv-prefix --without-libintl-prefix --with-system-zlib --enable-linker-build-id --with-default-libstdcxx-abi=gcc4-compatible --enable-libstdcxx-filesystem-ts
Thread model: posix
gcc version 8.3.0 (GCC) 
COLLECT_GCC_OPTIONS='-v' '-o' 'CMakeFiles/cmTC_27d07.dir/CMakeCXXCompilerABI.cpp.o' '-c' '-shared-libgcc' '-mtune=generic' '-march=x86-64'
 /usr/lib/gcc/x86_64-pc-cygwin/8.3.0/cc1plus.exe -quiet -v -idirafter /usr/lib/gcc/x86_64-pc-cygwin/8.3.0/../../../../lib/../include/w32api -idirafter /usr/lib/gcc/x86_64-pc-cygwin/8.3.0/../../../../x86_64-pc-cygwin/lib/../lib/../../include/w32api C:/Program Files/CMake/share/cmake-3.17/Modules/CMakeCXXCompilerABI.cpp -quiet -dumpbase CMakeCXXCompilerABI.cpp -mtune=generic -march=x86-64 -auxbase-strip CMakeFiles/cmTC_27d07.dir/CMakeCXXCompilerABI.cpp.o -version -o /cygdrive/c/Users/jake/AppData/Local/Temp/ccyyqacj.s
GNU C++14 (GCC) version 8.3.0 (x86_64-pc-cygwin)
	compiled by GNU C version 8.3.0, GMP version 6.1.2, MPFR version 4.0.2, MPC version 1.1.0, isl version isl-0.16.1-GMP

GGC heuristics: --param ggc-min-expand=100 --param ggc-min-heapsize=131072
ignoring nonexistent directory "/usr/local/include"
ignoring nonexistent directory "/usr/lib/gcc/x86_64-pc-cygwin/8.3.0/include-fixed"
ignoring nonexistent directory "/usr/lib/gcc/x86_64-pc-cygwin/8.3.0/../../../../x86_64-pc-cygwin/include"
ignoring duplicate directory "/usr/lib/gcc/x86_64-pc-cygwin/8.3.0/../../../../x86_64-pc-cygwin/lib/../lib/../../include/w32api"
#include "..." search starts here:
#include <...> search starts here:
 /usr/lib/gcc/x86_64-pc-cygwin/8.3.0/include/c++
 /usr/lib/gcc/x86_64-pc-cygwin/8.3.0/include/c++/x86_64-pc-cygwin
 /usr/lib/gcc/x86_64-pc-cygwin/8.3.0/include/c++/backward
 /usr/lib/gcc/x86_64-pc-cygwin/8.3.0/include
 /usr/include
 /usr/lib/gcc/x86_64-pc-cygwin/8.3.0/../../../../lib/../include/w32api
End of search list.
GNU C++14 (GCC) version 8.3.0 (x86_64-pc-cygwin)
	compiled by GNU C version 8.3.0, GMP version 6.1.2, MPFR version 4.0.2, MPC version 1.1.0, isl version isl-0.16.1-GMP

GGC heuristics: --param ggc-min-expand=100 --param ggc-min-heapsize=131072
Compiler executable checksum: bed998889edfd32f5c9a3f3c8baa420d
COLLECT_GCC_OPTIONS='-v' '-o' 'CMakeFiles/cmTC_27d07.dir/CMakeCXXCompilerABI.cpp.o' '-c' '-shared-libgcc' '-mtune=generic' '-march=x86-64'
 /usr/lib/gcc/x86_64-pc-cygwin/8.3.0/../../../../x86_64-pc-cygwin/bin/as.exe -v -o CMakeFiles/cmTC_27d07.dir/CMakeCXXCompilerABI.cpp.o /cygdrive/c/Users/jake/AppData/Local/Temp/ccyyqacj.s
GNU assembler version 2.29.1 (x86_64-pc-cygwin) using BFD version (GNU Binutils) 2.29.1.20171006
COMPILER_PATH=/usr/lib/gcc/x86_64-pc-cygwin/8.3.0/:/usr/lib/gcc/x86_64-pc-cygwin/8.3.0/:/usr/lib/gcc/x86_64-pc-cygwin/:/usr/lib/gcc/x86_64-pc-cygwin/8.3.0/:/usr/lib/gcc/x86_64-pc-cygwin/:/usr/lib/gcc/x86_64-pc-cygwin/8.3.0/../../../../x86_64-pc-cygwin/bin/
LIBRARY_PATH=/usr/lib/gcc/x86_64-pc-cygwin/8.3.0/:/usr/lib/gcc/x86_64-pc-cygwin/8.3.0/../../../../x86_64-pc-cygwin/lib/../lib/:/usr/lib/gcc/x86_64-pc-cygwin/8.3.0/../../../../lib/:/lib/../lib/:/usr/lib/../lib/:/usr/lib/gcc/x86_64-pc-cygwin/8.3.0/../../../../x86_64-pc-cygwin/lib/:/usr/lib/gcc/x86_64-pc-cygwin/8.3.0/../../../:/lib/:/usr/lib/
COLLECT_GCC_OPTIONS='-v' '-o' 'CMakeFiles/cmTC_27d07.dir/CMakeCXXCompilerABI.cpp.o' '-c' '-shared-libgcc' '-mtune=generic' '-march=x86-64'
Linking CXX executable cmTC_27d07.exe
"C:/Program Files/CMake/bin/cmake.exe" -E rm -f CMakeFiles/cmTC_27d07.dir/objects.a
C:/cygwin64/bin/ar.exe cr CMakeFiles/cmTC_27d07.dir/objects.a @CMakeFiles/cmTC_27d07.dir/objects1.rsp
C:/cygwin64/bin/c++.exe     -v -Wl,--whole-archive CMakeFiles/cmTC_27d07.dir/objects.a -Wl,--no-whole-archive  -o cmTC_27d07.exe -Wl,--out-implib,libcmTC_27d07.dll.a -Wl,--major-image-version,0,--minor-image-version,0 
Using built-in specs.
COLLECT_GCC=C:/cygwin64/bin/c++
COLLECT_LTO_WRAPPER=/usr/lib/gcc/x86_64-pc-cygwin/8.3.0/lto-wrapper.exe
Target: x86_64-pc-cygwin
Configured with: /cygdrive/i/szsz/tmpp/gcc/gcc-8.3.0-1.x86_64/src/gcc-8.3.0/configure --srcdir=/cygdrive/i/szsz/tmpp/gcc/gcc-8.3.0-1.x86_64/src/gcc-8.3.0 --prefix=/usr --exec-prefix=/usr --localstatedir=/var --sysconfdir=/etc --docdir=/usr/share/doc/gcc --htmldir=/usr/share/doc/gcc/html -C --build=x86_64-pc-cygwin --host=x86_64-pc-cygwin --target=x86_64-pc-cygwin --without-libiconv-prefix --without-libintl-prefix --libexecdir=/usr/lib --enable-shared --enable-shared-libgcc --enable-static --enable-version-specific-runtime-libs --enable-bootstrap --enable-__cxa_atexit --with-dwarf2 --with-tune=generic --enable-languages=ada,c,c++,fortran,lto,objc,obj-c++ --enable-graphite --enable-threads=posix --enable-libatomic --enable-libgomp --enable-libitm --enable-libquadmath --enable-libquadmath-support --disable-libssp --enable-libada --disable-symvers --with-gnu-ld --with-gnu-as --with-cloog-include=/usr/include/cloog-isl --without-libiconv-prefix --without-libintl-prefix --with-system-zlib --enable-linker-build-id --with-default-libstdcxx-abi=gcc4-compatible --enable-libstdcxx-filesystem-ts
Thread model: posix
gcc version 8.3.0 (GCC) 
COMPILER_PATH=/usr/lib/gcc/x86_64-pc-cygwin/8.3.0/:/usr/lib/gcc/x86_64-pc-cygwin/8.3.0/:/usr/lib/gcc/x86_64-pc-cygwin/:/usr/lib/gcc/x86_64-pc-cygwin/8.3.0/:/usr/lib/gcc/x86_64-pc-cygwin/:/usr/lib/gcc/x86_64-pc-cygwin/8.3.0/../../../../x86_64-pc-cygwin/bin/
LIBRARY_PATH=/usr/lib/gcc/x86_64-pc-cygwin/8.3.0/:/usr/lib/gcc/x86_64-pc-cygwin/8.3.0/../../../../x86_64-pc-cygwin/lib/../lib/:/usr/lib/gcc/x86_64-pc-cygwin/8.3.0/../../../../lib/:/lib/../lib/:/usr/lib/../lib/:/usr/lib/gcc/x86_64-pc-cygwin/8.3.0/../../../../x86_64-pc-cygwin/lib/:/usr/lib/gcc/x86_64-pc-cygwin/8.3.0/../../../:/lib/:/usr/lib/
COLLECT_GCC_OPTIONS='-v' '-o' 'cmTC_27d07.exe' '-shared-libgcc' '-mtune=generic' '-march=x86-64'
 /usr/lib/gcc/x86_64-pc-cygwin/8.3.0/collect2.exe -plugin /usr/lib/gcc/x86_64-pc-cygwin/8.3.0/cyglto_plugin.dll -plugin-opt=/usr/lib/gcc/x86_64-pc-cygwin/8.3.0/lto-wrapper.exe -plugin-opt=-fresolution=/cygdrive/c/Users/jake/AppData/Local/Temp/ccrVXxbO.res -plugin-opt=-pass-through=-lgcc_s -plugin-opt=-pass-through=-lgcc -plugin-opt=-pass-through=-lcygwin -plugin-opt=-pass-through=-ladvapi32 -plugin-opt=-pass-through=-lshell32 -plugin-opt=-pass-through=-luser32 -plugin-opt=-pass-through=-lkernel32 -plugin-opt=-pass-through=-lgcc_s -plugin-opt=-pass-through=-lgcc --build-id -m i386pep --wrap _Znwm --wrap _Znam --wrap _ZdlPv --wrap _ZdaPv --wrap _ZnwmRKSt9nothrow_t --wrap _ZnamRKSt9nothrow_t --wrap _ZdlPvRKSt9nothrow_t --wrap _ZdaPvRKSt9nothrow_t -Bdynamic --dll-search-prefix=cyg --tsaware -o cmTC_27d07.exe /usr/lib/gcc/x86_64-pc-cygwin/8.3.0/../../../../lib/crt0.o /usr/lib/gcc/x86_64-pc-cygwin/8.3.0/crtbegin.o -L/usr/lib/gcc/x86_64-pc-cygwin/8.3.0 -L/usr/lib/gcc/x86_64-pc-cygwin/8.3.0/../../../../x86_64-pc-cygwin/lib/../lib -L/usr/lib/gcc/x86_64-pc-cygwin/8.3.0/../../../../lib -L/lib/../lib -L/usr/lib/../lib -L/usr/lib/gcc/x86_64-pc-cygwin/8.3.0/../../../../x86_64-pc-cygwin/lib -L/usr/lib/gcc/x86_64-pc-cygwin/8.3.0/../../.. --whole-archive CMakeFiles/cmTC_27d07.dir/objects.a --no-whole-archive --out-implib libcmTC_27d07.dll.a --major-image-version 0 --minor-image-version 0 -lstdc++ -lgcc_s -lgcc -lcygwin -ladvapi32 -lshell32 -luser32 -lkernel32 -lgcc_s -lgcc /usr/lib/gcc/x86_64-pc-cygwin/8.3.0/../../../../lib/default-manifest.o /usr/lib/gcc/x86_64-pc-cygwin/8.3.0/crtend.o
COLLECT_GCC_OPTIONS='-v' '-o' 'cmTC_27d07.exe' '-shared-libgcc' '-mtune=generic' '-march=x86-64'
make[1]: Leaving directory '/cygdrive/c/dev/projects/ChessLand/build/CMakeFiles/CMakeTmp'



Parsed CXX implicit include dir info from above output: rv=done
  found start of include info
  found start of implicit include info
    add: [/usr/lib/gcc/x86_64-pc-cygwin/8.3.0/include/c++]
    add: [/usr/lib/gcc/x86_64-pc-cygwin/8.3.0/include/c++/x86_64-pc-cygwin]
    add: [/usr/lib/gcc/x86_64-pc-cygwin/8.3.0/include/c++/backward]
    add: [/usr/lib/gcc/x86_64-pc-cygwin/8.3.0/include]
    add: [/usr/include]
    add: [/usr/lib/gcc/x86_64-pc-cygwin/8.3.0/../../../../lib/../include/w32api]
  end of search list found
  collapse include dir [/usr/lib/gcc/x86_64-pc-cygwin/8.3.0/include/c++] ==> [/usr/lib/gcc/x86_64-pc-cygwin/8.3.0/include/c++]
  collapse include dir [/usr/lib/gcc/x86_64-pc-cygwin/8.3.0/include/c++/x86_64-pc-cygwin] ==> [/usr/lib/gcc/x86_64-pc-cygwin/8.3.0/include/c++/x86_64-pc-cygwin]
  collapse include dir [/usr/lib/gcc/x86_64-pc-cygwin/8.3.0/include/c++/backward] ==> [/usr/lib/gcc/x86_64-pc-cygwin/8.3.0/include/c++/backward]
  collapse include dir [/usr/lib/gcc/x86_64-pc-cygwin/8.3.0/include] ==> [/usr/lib/gcc/x86_64-pc-cygwin/8.3.0/include]
  collapse include dir [/usr/include] ==> [/usr/include]
  collapse include dir [/usr/lib/gcc/x86_64-pc-cygwin/8.3.0/../../../../lib/../include/w32api] ==> [/usr/include/w32api]
  implicit include dirs: [/usr/lib/gcc/x86_64-pc-cygwin/8.3.0/include/c++;/usr/lib/gcc/x86_64-pc-cygwin/8.3.0/include/c++/x86_64-pc-cygwin;/usr/lib/gcc/x86_64-pc-cygwin/8.3.0/include/c++/backward;/usr/lib/gcc/x86_64-pc-cygwin/8.3.0/include;/usr/include;/usr/include/w32api]


Parsed CXX implicit link information from above output:
  link line regex: [^( *|.*[/\])(ld\.exe|CMAKE_LINK_STARTFILE-NOTFOUND|([^/\]+-)?ld|collect2)[^/\]*( |$)]
  ignore line: [Change Dir: C:/dev/projects/ChessLand/build/CMakeFiles/CMakeTmp]
  ignore line: []
  ignore line: [Run Build Command(s):C:/cygwin64/bin/make.exe cmTC_27d07/fast && /usr/bin/make  -f CMakeFiles/cmTC_27d07.dir/build.make CMakeFiles/cmTC_27d07.dir/build]
  ignore line: [make[1]: Entering directory '/cygdrive/c/dev/projects/ChessLand/build/CMakeFiles/CMakeTmp']
  ignore line: [Building CXX object CMakeFiles/cmTC_27d07.dir/CMakeCXXCompilerABI.cpp.o]
  ignore line: [C:/cygwin64/bin/c++.exe    -v -o CMakeFiles/cmTC_27d07.dir/CMakeCXXCompilerABI.cpp.o -c "C:/Program Files/CMake/share/cmake-3.17/Modules/CMakeCXXCompilerABI.cpp"]
  ignore line: [Using built-in specs.]
  ignore line: [COLLECT_GCC=C:/cygwin64/bin/c++]
  ignore line: [Target: x86_64-pc-cygwin]
  ignore line: [Configured with: /cygdrive/i/szsz/tmpp/gcc/gcc-8.3.0-1.x86_64/src/gcc-8.3.0/configure --srcdir=/cygdrive/i/szsz/tmpp/gcc/gcc-8.3.0-1.x86_64/src/gcc-8.3.0 --prefix=/usr --exec-prefix=/usr --localstatedir=/var --sysconfdir=/etc --docdir=/usr/share/doc/gcc --htmldir=/usr/share/doc/gcc/html -C --build=x86_64-pc-cygwin --host=x86_64-pc-cygwin --target=x86_64-pc-cygwin --without-libiconv-prefix --without-libintl-prefix --libexecdir=/usr/lib --enable-shared --enable-shared-libgcc --enable-static --enable-version-specific-runtime-libs --enable-bootstrap --enable-__cxa_atexit --with-dwarf2 --with-tune=generic --enable-languages=ada,c,c++,fortran,lto,objc,obj-c++ --enable-graphite --enable-threads=posix --enable-libatomic --enable-libgomp --enable-libitm --enable-libquadmath --enable-libquadmath-support --disable-libssp --enable-libada --disable-symvers --with-gnu-ld --with-gnu-as --with-cloog-include=/usr/include/cloog-isl --without-libiconv-prefix --without-libintl-prefix --with-system-zlib --enable-linker-build-id --with-default-libstdcxx-abi=gcc4-compatible --enable-libstdcxx-filesystem-ts]
  ignore line: [Thread model: posix]
  ignore line: [gcc version 8.3.0 (GCC) ]
  ignore line: [COLLECT_GCC_OPTIONS='-v' '-o' 'CMakeFiles/cmTC_27d07.dir/CMakeCXXCompilerABI.cpp.o' '-c' '-shared-libgcc' '-mtune=generic' '-march=x86-64']
  ignore line: [ /usr/lib/gcc/x86_64-pc-cygwin/8.3.0/cc1plus.exe -quiet -v -idirafter /usr/lib/gcc/x86_64-pc-cygwin/8.3.0/../../../../lib/../include/w32api -idirafter /usr/lib/gcc/x86_64-pc-cygwin/8.3.0/../../../../x86_64-pc-cygwin/lib/../lib/../../include/w32api C:/Program Files/CMake/share/cmake-3.17/Modules/CMakeCXXCompilerABI.cpp -quiet -dumpbase CMakeCXXCompilerABI.cpp -mtune=generic -march=x86-64 -auxbase-strip CMakeFiles/cmTC_27d07.dir/CMakeCXXCompilerABI.cpp.o -version -o /cygdrive/c/Users/jake/AppData/Local/Temp/ccyyqacj.s]
  ignore line: [GNU C++14 (GCC) version 8.3.0 (x86_64-pc-cygwin)]
  ignore line: [	compiled by GNU C version 8.3.0  GMP version 6.1.2  MPFR version 4.0.2  MPC version 1.1.0  isl version isl-0.16.1-GMP]
  ignore line: []
  ignore line: [GGC heuristics: --param ggc-min-expand=100 --param ggc-min-heapsize=131072]
  ignore line: [ignoring nonexistent directory "/usr/local/include"]
  ignore line: [ignoring nonexistent directory "/usr/lib/gcc/x86_64-pc-cygwin/8.3.0/include-fixed"]
  ignore line: [ignoring nonexistent directory "/usr/lib/gcc/x86_64-pc-cygwin/8.3.0/../../../../x86_64-pc-cygwin/include"]
  ignore line: [ignoring duplicate directory "/usr/lib/gcc/x86_64-pc-cygwin/8.3.0/../../../../x86_64-pc-cygwin/lib/../lib/../../include/w32api"]
  ignore line: [#include "..." search starts here:]
  ignore line: [#include <...> search starts here:]
  ignore line: [ /usr/lib/gcc/x86_64-pc-cygwin/8.3.0/include/c++]
  ignore line: [ /usr/lib/gcc/x86_64-pc-cygwin/8.3.0/include/c++/x86_64-pc-cygwin]
  ignore line: [ /usr/lib/gcc/x86_64-pc-cygwin/8.3.0/include/c++/backward]
  ignore line: [ /usr/lib/gcc/x86_64-pc-cygwin/8.3.0/include]
  ignore line: [ /usr/include]
  ignore line: [ /usr/lib/gcc/x86_64-pc-cygwin/8.3.0/../../../../lib/../include/w32api]
  ignore line: [End of search list.]
  ignore line: [GNU C++14 (GCC) version 8.3.0 (x86_64-pc-cygwin)]
  ignore line: [	compiled by GNU C version 8.3.0  GMP version 6.1.2  MPFR version 4.0.2  MPC version 1.1.0  isl version isl-0.16.1-GMP]
  ignore line: []
  ignore line: [GGC heuristics: --param ggc-min-expand=100 --param ggc-min-heapsize=131072]
  ignore line: [Compiler executable checksum: bed998889edfd32f5c9a3f3c8baa420d]
  ignore line: [COLLECT_GCC_OPTIONS='-v' '-o' 'CMakeFiles/cmTC_27d07.dir/CMakeCXXCompilerABI.cpp.o' '-c' '-shared-libgcc' '-mtune=generic' '-march=x86-64']
  ignore line: [ /usr/lib/gcc/x86_64-pc-cygwin/8.3.0/../../../../x86_64-pc-cygwin/bin/as.exe -v -o CMakeFiles/cmTC_27d07.dir/CMakeCXXCompilerABI.cpp.o /cygdrive/c/Users/jake/AppData/Local/Temp/ccyyqacj.s]
  ignore line: [GNU assembler version 2.29.1 (x86_64-pc-cygwin) using BFD version (GNU Binutils) 2.29.1.20171006]
  ignore line: [COMPILER_PATH=/usr/lib/gcc/x86_64-pc-cygwin/8.3.0/:/usr/lib/gcc/x86_64-pc-cygwin/8.3.0/:/usr/lib/gcc/x86_64-pc-cygwin/:/usr/lib/gcc/x86_64-pc-cygwin/8.3.0/:/usr/lib/gcc/x86_64-pc-cygwin/:/usr/lib/gcc/x86_64-pc-cygwin/8.3.0/../../../../x86_64-pc-cygwin/bin/]
  ignore line: [LIBRARY_PATH=/usr/lib/gcc/x86_64-pc-cygwin/8.3.0/:/usr/lib/gcc/x86_64-pc-cygwin/8.3.0/../../../../x86_64-pc-cygwin/lib/../lib/:/usr/lib/gcc/x86_64-pc-cygwin/8.3.0/../../../../lib/:/lib/../lib/:/usr/lib/../lib/:/usr/lib/gcc/x86_64-pc-cygwin/8.3.0/../../../../x86_64-pc-cygwin/lib/:/usr/lib/gcc/x86_64-pc-cygwin/8.3.0/../../../:/lib/:/usr/lib/]
  ignore line: [COLLECT_GCC_OPTIONS='-v' '-o' 'CMakeFiles/cmTC_27d07.dir/CMakeCXXCompilerABI.cpp.o' '-c' '-shared-libgcc' '-mtune=generic' '-march=x86-64']
  ignore line: [Linking CXX executable cmTC_27d07.exe]
  ignore line: ["C:/Program Files/CMake/bin/cmake.exe" -E rm -f CMakeFiles/cmTC_27d07.dir/objects.a]
  ignore line: [C:/cygwin64/bin/ar.exe cr CMakeFiles/cmTC_27d07.dir/objects.a @CMakeFiles/cmTC_27d07.dir/objects1.rsp]
  ignore line: [C:/cygwin64/bin/c++.exe     -v -Wl --whole-archive CMakeFiles/cmTC_27d07.dir/objects.a -Wl --no-whole-archive  -o cmTC_27d07.exe -Wl --out-implib libcmTC_27d07.dll.a -Wl --major-image-version 0 --minor-image-version 0 ]
  ignore line: [Using built-in specs.]
  ignore line: [COLLECT_GCC=C:/cygwin64/bin/c++]
  ignore line: [COLLECT_LTO_WRAPPER=/usr/lib/gcc/x86_64-pc-cygwin/8.3.0/lto-wrapper.exe]
  ignore line: [Target: x86_64-pc-cygwin]
  ignore line: [Configured with: /cygdrive/i/szsz/tmpp/gcc/gcc-8.3.0-1.x86_64/src/gcc-8.3.0/configure --srcdir=/cygdrive/i/szsz/tmpp/gcc/gcc-8.3.0-1.x86_64/src/gcc-8.3.0 --prefix=/usr --exec-prefix=/usr --localstatedir=/var --sysconfdir=/etc --docdir=/usr/share/doc/gcc --htmldir=/usr/share/doc/gcc/html -C --build=x86_64-pc-cygwin --host=x86_64-pc-cygwin --target=x86_64-pc-cygwin --without-libiconv-prefix --without-libintl-prefix --libexecdir=/usr/lib --enable-shared --enable-shared-libgcc --enable-static --enable-version-specific-runtime-libs --enable-bootstrap --enable-__cxa_atexit --with-dwarf2 --with-tune=generic --enable-languages=ada,c,c++,fortran,lto,objc,obj-c++ --enable-graphite --enable-threads=posix --enable-libatomic --enable-libgomp --enable-libitm --enable-libquadmath --enable-libquadmath-support --disable-libssp --enable-libada --disable-symvers --with-gnu-ld --with-gnu-as --with-cloog-include=/usr/include/cloog-isl --without-libiconv-prefix --without-libintl-prefix --with-system-zlib --enable-linker-build-id --with-default-libstdcxx-abi=gcc4-compatible --enable-libstdcxx-filesystem-ts]
  ignore line: [Thread model: posix]
  ignore line: [gcc version 8.3.0 (GCC) ]
  ignore line: [COMPILER_PATH=/usr/lib/gcc/x86_64-pc-cygwin/8.3.0/:/usr/lib/gcc/x86_64-pc-cygwin/8.3.0/:/usr/lib/gcc/x86_64-pc-cygwin/:/usr/lib/gcc/x86_64-pc-cygwin/8.3.0/:/usr/lib/gcc/x86_64-pc-cygwin/:/usr/lib/gcc/x86_64-pc-cygwin/8.3.0/../../../../x86_64-pc-cygwin/bin/]
  ignore line: [LIBRARY_PATH=/usr/lib/gcc/x86_64-pc-cygwin/8.3.0/:/usr/lib/gcc/x86_64-pc-cygwin/8.3.0/../../../../x86_64-pc-cygwin/lib/../lib/:/usr/lib/gcc/x86_64-pc-cygwin/8.3.0/../../../../lib/:/lib/../lib/:/usr/lib/../lib/:/usr/lib/gcc/x86_64-pc-cygwin/8.3.0/../../../../x86_64-pc-cygwin/lib/:/usr/lib/gcc/x86_64-pc-cygwin/8.3.0/../../../:/lib/:/usr/lib/]
  ignore line: [COLLECT_GCC_OPTIONS='-v' '-o' 'cmTC_27d07.exe' '-shared-libgcc' '-mtune=generic' '-march=x86-64']
  link line: [ /usr/lib/gcc/x86_64-pc-cygwin/8.3.0/collect2.exe -plugin /usr/lib/gcc/x86_64-pc-cygwin/8.3.0/cyglto_plugin.dll -plugin-opt=/usr/lib/gcc/x86_64-pc-cygwin/8.3.0/lto-wrapper.exe -plugin-opt=-fresolution=/cygdrive/c/Users/jake/AppData/Local/Temp/ccrVXxbO.res -plugin-opt=-pass-through=-lgcc_s -plugin-opt=-pass-through=-lgcc -plugin-opt=-pass-through=-lcygwin -plugin-opt=-pass-through=-ladvapi32 -plugin-opt=-pass-through=-lshell32 -plugin-opt=-pass-through=-luser32 -plugin-opt=-pass-through=-lkernel32 -plugin-opt=-pass-through=-lgcc_s -plugin-opt=-pass-through=-lgcc --build-id -m i386pep --wrap _Znwm --wrap _Znam --wrap _ZdlPv --wrap _ZdaPv --wrap _ZnwmRKSt9nothrow_t --wrap _ZnamRKSt9nothrow_t --wrap _ZdlPvRKSt9nothrow_t --wrap _ZdaPvRKSt9nothrow_t -Bdynamic --dll-search-prefix=cyg --tsaware -o cmTC_27d07.exe /usr/lib/gcc/x86_64-pc-cygwin/8.3.0/../../../../lib/crt0.o /usr/lib/gcc/x86_64-pc-cygwin/8.3.0/crtbegin.o -L/usr/lib/gcc/x86_64-pc-cygwin/8.3.0 -L/usr/lib/gcc/x86_64-pc-cygwin/8.3.0/../../../../x86_64-pc-cygwin/lib/../lib -L/usr/lib/gcc/x86_64-pc-cygwin/8.3.0/../../../../lib -L/lib/../lib -L/usr/lib/../lib -L/usr/lib/gcc/x86_64-pc-cygwin/8.3.0/../../../../x86_64-pc-cygwin/lib -L/usr/lib/gcc/x86_64-pc-cygwin/8.3.0/../../.. --whole-archive CMakeFiles/cmTC_27d07.dir/objects.a --no-whole-archive --out-implib libcmTC_27d07.dll.a --major-image-version 0 --minor-image-version 0 -lstdc++ -lgcc_s -lgcc -lcygwin -ladvapi32 -lshell32 -luser32 -lkernel32 -lgcc_s -lgcc /usr/lib/gcc/x86_64-pc-cygwin/8.3.0/../../../../lib/default-manifest.o /usr/lib/gcc/x86_64-pc-cygwin/8.3.0/crtend.o]
    arg [/usr/lib/gcc/x86_64-pc-cygwin/8.3.0/collect2.exe] ==> ignore
    arg [-plugin] ==> ignore
    arg [/usr/lib/gcc/x86_64-pc-cygwin/8.3.0/cyglto_plugin.dll] ==> ignore
    arg [-plugin-opt=/usr/lib/gcc/x86_64-pc-cygwin/8.3.0/lto-wrapper.exe] ==> ignore
    arg [-plugin-opt=-fresolution=/cygdrive/c/Users/jake/AppData/Local/Temp/ccrVXxbO.res] ==> ignore
    arg [-plugin-opt=-pass-through=-lgcc_s] ==> ignore
    arg [-plugin-opt=-pass-through=-lgcc] ==> ignore
    arg [-plugin-opt=-pass-through=-lcygwin] ==> ignore
    arg [-plugin-opt=-pass-through=-ladvapi32] ==> ignore
    arg [-plugin-opt=-pass-through=-lshell32] ==> ignore
    arg [-plugin-opt=-pass-through=-luser32] ==> ignore
    arg [-plugin-opt=-pass-through=-lkernel32] ==> ignore
    arg [-plugin-opt=-pass-through=-lgcc_s] ==> ignore
    arg [-plugin-opt=-pass-through=-lgcc] ==> ignore
    arg [--build-id] ==> ignore
    arg [-m] ==> ignore
    arg [i386pep] ==> ignore
    arg [--wrap] ==> ignore
    arg [_Znwm] ==> ignore
    arg [--wrap] ==> ignore
    arg [_Znam] ==> ignore
    arg [--wrap] ==> ignore
    arg [_ZdlPv] ==> ignore
    arg [--wrap] ==> ignore
    arg [_ZdaPv] ==> ignore
    arg [--wrap] ==> ignore
    arg [_ZnwmRKSt9nothrow_t] ==> ignore
    arg [--wrap] ==> ignore
    arg [_ZnamRKSt9nothrow_t] ==> ignore
    arg [--wrap] ==> ignore
    arg [_ZdlPvRKSt9nothrow_t] ==> ignore
    arg [--wrap] ==> ignore
    arg [_ZdaPvRKSt9nothrow_t] ==> ignore
    arg [-Bdynamic] ==> ignore
    arg [--dll-search-prefix=cyg] ==> ignore
    arg [--tsaware] ==> ignore
    arg [-o] ==> ignore
    arg [cmTC_27d07.exe] ==> ignore
    arg [/usr/lib/gcc/x86_64-pc-cygwin/8.3.0/../../../../lib/crt0.o] ==> ignore
    arg [/usr/lib/gcc/x86_64-pc-cygwin/8.3.0/crtbegin.o] ==> ignore
    arg [-L/usr/lib/gcc/x86_64-pc-cygwin/8.3.0] ==> dir [/usr/lib/gcc/x86_64-pc-cygwin/8.3.0]
    arg [-L/usr/lib/gcc/x86_64-pc-cygwin/8.3.0/../../../../x86_64-pc-cygwin/lib/../lib] ==> dir [/usr/lib/gcc/x86_64-pc-cygwin/8.3.0/../../../../x86_64-pc-cygwin/lib/../lib]
    arg [-L/usr/lib/gcc/x86_64-pc-cygwin/8.3.0/../../../../lib] ==> dir [/usr/lib/gcc/x86_64-pc-cygwin/8.3.0/../../../../lib]
    arg [-L/lib/../lib] ==> dir [/lib/../lib]
    arg [-L/usr/lib/../lib] ==> dir [/usr/lib/../lib]
    arg [-L/usr/lib/gcc/x86_64-pc-cygwin/8.3.0/../../../../x86_64-pc-cygwin/lib] ==> dir [/usr/lib/gcc/x86_64-pc-cygwin/8.3.0/../../../../x86_64-pc-cygwin/lib]
    arg [-L/usr/lib/gcc/x86_64-pc-cygwin/8.3.0/../../..] ==> dir [/usr/lib/gcc/x86_64-pc-cygwin/8.3.0/../../..]
    arg [--whole-archive] ==> ignore
    arg [CMakeFiles/cmTC_27d07.dir/objects.a] ==> ignore
    arg [--no-whole-archive] ==> ignore
    arg [--out-implib] ==> ignore
    arg [libcmTC_27d07.dll.a] ==> ignore
    arg [--major-image-version] ==> ignore
    arg [0] ==> ignore
    arg [--minor-image-version] ==> ignore
    arg [0] ==> ignore
    arg [-lstdc++] ==> lib [stdc++]
    arg [-lgcc_s] ==> lib [gcc_s]
    arg [-lgcc] ==> lib [gcc]
    arg [-lcygwin] ==> lib [cygwin]
    arg [-ladvapi32] ==> lib [advapi32]
    arg [-lshell32] ==> lib [shell32]
    arg [-luser32] ==> lib [user32]
    arg [-lkernel32] ==> lib [kernel32]
    arg [-lgcc_s] ==> lib [gcc_s]
    arg [-lgcc] ==> lib [gcc]
    arg [/usr/lib/gcc/x86_64-pc-cygwin/8.3.0/../../../../lib/default-manifest.o] ==> ignore
    arg [/usr/lib/gcc/x86_64-pc-cygwin/8.3.0/crtend.o] ==> ignore
  collapse library dir [/usr/lib/gcc/x86_64-pc-cygwin/8.3.0] ==> [/usr/lib/gcc/x86_64-pc-cygwin/8.3.0]
  collapse library dir [/usr/lib/gcc/x86_64-pc-cygwin/8.3.0/../../../../x86_64-pc-cygwin/lib/../lib] ==> [/usr/x86_64-pc-cygwin/lib]
  collapse library dir [/usr/lib/gcc/x86_64-pc-cygwin/8.3.0/../../../../lib] ==> [/usr/lib]
  collapse library dir [/lib/../lib] ==> [/lib]
  collapse library dir [/usr/lib/../lib] ==> [/usr/lib]
  collapse library dir [/usr/lib/gcc/x86_64-pc-cygwin/8.3.0/../../../../x86_64-pc-cygwin/lib] ==> [/usr/x86_64-pc-cygwin/lib]
  collapse library dir [/usr/lib/gcc/x86_64-pc-cygwin/8.3.0/../../..] ==> [/usr/lib]
  implicit libs: [stdc++;gcc_s;gcc;cygwin;advapi32;shell32;user32;kernel32;gcc_s;gcc]
  implicit dirs: [/usr/lib/gcc/x86_64-pc-cygwin/8.3.0;/usr/x86_64-pc-cygwin/lib;/usr/lib;/lib]
  implicit fwks: []


The system is: Windows - 10.0.18363 - AMD64
Compiling the C compiler identification source file "CMakeCCompilerId.c" succeeded.
Compiler:  
Build flags: 
Id flags:  

The output was:
0
Microsoft (R) Build Engine version 16.6.0+5ff7b0c9e for .NET Framework
Copyright (C) Microsoft Corporation. All rights reserved.

Build started 8/2/2020 4:45:29 AM.
Project "C:\dev\projects\ChessLand\build\CMakeFiles\3.17.2\CompilerIdC\CompilerIdC.vcxproj" on node 1 (default targets).
PrepareForBuild:
  Creating directory "Debug\".
  Creating directory "Debug\CompilerIdC.tlog\".
InitializeBuildStatus:
  Creating "Debug\CompilerIdC.tlog\unsuccessfulbuild" because "AlwaysCreate" was specified.
ClCompile:
  C:\Program Files (x86)\Microsoft Visual Studio\2019\Community\VC\Tools\MSVC\14.26.28801\bin\HostX64\x64\CL.exe /c /nologo /W0 /WX- /diagnostics:column /Od /D _MBCS /Gm- /EHsc /RTC1 /MDd /GS /fp:precise /Zc:wchar_t /Zc:forScope /Zc:inline /Fo"Debug\\" /Fd"Debug\vc142.pdb" /Gd /TC /FC /errorReport:queue CMakeCCompilerId.c
  CMakeCCompilerId.c
Link:
  C:\Program Files (x86)\Microsoft Visual Studio\2019\Community\VC\Tools\MSVC\14.26.28801\bin\HostX64\x64\link.exe /ERRORREPORT:QUEUE /OUT:".\CompilerIdC.exe" /INCREMENTAL:NO /NOLOGO kernel32.lib user32.lib gdi32.lib winspool.lib comdlg32.lib advapi32.lib shell32.lib ole32.lib oleaut32.lib uuid.lib odbc32.lib odbccp32.lib /MANIFEST /MANIFESTUAC:"level='asInvoker' uiAccess='false'" /manifest:embed /PDB:".\CompilerIdC.pdb" /SUBSYSTEM:CONSOLE /TLBID:1 /DYNAMICBASE /NXCOMPAT /IMPLIB:".\CompilerIdC.lib" /MACHINE:X64 Debug\CMakeCCompilerId.obj
  CompilerIdC.vcxproj -> C:\dev\projects\ChessLand\build\CMakeFiles\3.17.2\CompilerIdC\.\CompilerIdC.exe
PostBuildEvent:
  for %%i in (cl.exe) do @echo CMAKE_C_COMPILER=%%~$PATH:i
  :VCEnd
  CMAKE_C_COMPILER=C:\Program Files (x86)\Microsoft Visual Studio\2019\Community\VC\Tools\MSVC\14.26.28801\bin\Hostx64\x64\cl.exe
FinalizeBuildStatus:
  Deleting file "Debug\CompilerIdC.tlog\unsuccessfulbuild".
  Touching "Debug\CompilerIdC.tlog\CompilerIdC.lastbuildstate".
Done Building Project "C:\dev\projects\ChessLand\build\CMakeFiles\3.17.2\CompilerIdC\CompilerIdC.vcxproj" (default targets).

Build succeeded.
    0 Warning(s)
    0 Error(s)

Time Elapsed 00:00:01.77


Compilation of the C compiler identification source "CMakeCCompilerId.c" produced "CompilerIdC.exe"

Compilation of the C compiler identification source "CMakeCCompilerId.c" produced "CompilerIdC.vcxproj"

The C compiler identification is MSVC, found in "C:/dev/projects/ChessLand/build/CMakeFiles/3.17.2/CompilerIdC/CompilerIdC.exe"

Compiling the CXX compiler identification source file "CMakeCXXCompilerId.cpp" succeeded.
Compiler:  
Build flags: 
Id flags:  

The output was:
0
Microsoft (R) Build Engine version 16.6.0+5ff7b0c9e for .NET Framework
Copyright (C) Microsoft Corporation. All rights reserved.

Build started 8/2/2020 4:45:32 AM.
Project "C:\dev\projects\ChessLand\build\CMakeFiles\3.17.2\CompilerIdCXX\CompilerIdCXX.vcxproj" on node 1 (default targets).
PrepareForBuild:
  Creating directory "Debug\".
  Creating directory "Debug\CompilerIdCXX.tlog\".
InitializeBuildStatus:
  Creating "Debug\CompilerIdCXX.tlog\unsuccessfulbuild" because "AlwaysCreate" was specified.
ClCompile:
  C:\Program Files (x86)\Microsoft Visual Studio\2019\Community\VC\Tools\MSVC\14.26.28801\bin\HostX64\x64\CL.exe /c /nologo /W0 /WX- /diagnostics:column /Od /D _MBCS /Gm- /EHsc /RTC1 /MDd /GS /fp:precise /Zc:wchar_t /Zc:forScope /Zc:inline /Fo"Debug\\" /Fd"Debug\vc142.pdb" /Gd /TP /FC /errorReport:queue CMakeCXXCompilerId.cpp
  CMakeCXXCompilerId.cpp
Link:
  C:\Program Files (x86)\Microsoft Visual Studio\2019\Community\VC\Tools\MSVC\14.26.28801\bin\HostX64\x64\link.exe /ERRORREPORT:QUEUE /OUT:".\CompilerIdCXX.exe" /INCREMENTAL:NO /NOLOGO kernel32.lib user32.lib gdi32.lib winspool.lib comdlg32.lib advapi32.lib shell32.lib ole32.lib oleaut32.lib uuid.lib odbc32.lib odbccp32.lib /MANIFEST /MANIFESTUAC:"level='asInvoker' uiAccess='false'" /manifest:embed /PDB:".\CompilerIdCXX.pdb" /SUBSYSTEM:CONSOLE /TLBID:1 /DYNAMICBASE /NXCOMPAT /IMPLIB:".\CompilerIdCXX.lib" /MACHINE:X64 Debug\CMakeCXXCompilerId.obj
  CompilerIdCXX.vcxproj -> C:\dev\projects\ChessLand\build\CMakeFiles\3.17.2\CompilerIdCXX\.\CompilerIdCXX.exe
PostBuildEvent:
  for %%i in (cl.exe) do @echo CMAKE_CXX_COMPILER=%%~$PATH:i
  :VCEnd
  CMAKE_CXX_COMPILER=C:\Program Files (x86)\Microsoft Visual Studio\2019\Community\VC\Tools\MSVC\14.26.28801\bin\Hostx64\x64\cl.exe
FinalizeBuildStatus:
  Deleting file "Debug\CompilerIdCXX.tlog\unsuccessfulbuild".
  Touching "Debug\CompilerIdCXX.tlog\CompilerIdCXX.lastbuildstate".
Done Building Project "C:\dev\projects\ChessLand\build\CMakeFiles\3.17.2\CompilerIdCXX\CompilerIdCXX.vcxproj" (default targets).

Build succeeded.
    0 Warning(s)
    0 Error(s)

Time Elapsed 00:00:01.42


Compilation of the CXX compiler identification source "CMakeCXXCompilerId.cpp" produced "CompilerIdCXX.exe"

Compilation of the CXX compiler identification source "CMakeCXXCompilerId.cpp" produced "CompilerIdCXX.vcxproj"

The CXX compiler identification is MSVC, found in "C:/dev/projects/ChessLand/build/CMakeFiles/3.17.2/CompilerIdCXX/CompilerIdCXX.exe"

The system is: Windows - 10.0.18363 - AMD64
Compiling the CXX compiler identification source file "CMakeCXXCompilerId.cpp" succeeded.
Compiler: C:/cygwin64/bin/c++.exe 
Build flags: 
Id flags:  

The output was:
0


Compilation of the CXX compiler identification source "CMakeCXXCompilerId.cpp" produced "a.exe"

The CXX compiler identification is GNU, found in "C:/dev/projects/ChessLand/build/CMakeFiles/3.17.2/CompilerIdCXX/a.exe"

Determining if the C compiler works passed with the following output:
Change Dir: C:/dev/projects/ChessLand/build/CMakeFiles/CMakeTmp

Run Build Command(s):C:/cygwin64/bin/make.exe cmTC_925d2/fast && /usr/bin/make  -f CMakeFiles/cmTC_925d2.dir/build.make CMakeFiles/cmTC_925d2.dir/build
make[1]: Entering directory '/cygdrive/c/dev/projects/ChessLand/build/CMakeFiles/CMakeTmp'
Building C object CMakeFiles/cmTC_925d2.dir/testCCompiler.c.obj
C:/cygwin64/bin/cc    -o CMakeFiles/cmTC_925d2.dir/testCCompiler.c.obj   -c C:/dev/projects/ChessLand/build/CMakeFiles/CMakeTmp/testCCompiler.c
Linking C executable cmTC_925d2.exe
C:/cygwin64/bin/cc      "CMakeFiles/cmTC_925d2.dir/testCCompiler.c.obj"   -o cmTC_925d2.exe 
make[1]: Leaving directory '/cygdrive/c/dev/projects/ChessLand/build/CMakeFiles/CMakeTmp'



Detecting C compiler ABI info compiled with the following output:
Change Dir: C:/dev/projects/ChessLand/build/CMakeFiles/CMakeTmp

Run Build Command(s):C:/cygwin64/bin/make.exe cmTC_3b703/fast && /usr/bin/make  -f CMakeFiles/cmTC_3b703.dir/build.make CMakeFiles/cmTC_3b703.dir/build
make[1]: Entering directory '/cygdrive/c/dev/projects/ChessLand/build/CMakeFiles/CMakeTmp'
Building C object CMakeFiles/cmTC_3b703.dir/CMakeCCompilerABI.c.obj
C:/cygwin64/bin/cc    -o CMakeFiles/cmTC_3b703.dir/CMakeCCompilerABI.c.obj   -c "C:/Program Files/CMake/share/cmake-3.17/Modules/CMakeCCompilerABI.c"
Linking C executable cmTC_3b703.exe
C:/cygwin64/bin/cc      "CMakeFiles/cmTC_3b703.dir/CMakeCCompilerABI.c.obj"   -o cmTC_3b703.exe 
make[1]: Leaving directory '/cygdrive/c/dev/projects/ChessLand/build/CMakeFiles/CMakeTmp'



Determining if the CXX compiler works passed with the following output:
Change Dir: C:/dev/projects/ChessLand/build/CMakeFiles/CMakeTmp

Run Build Command(s):C:/cygwin64/bin/make.exe cmTC_ab31b/fast && /usr/bin/make  -f CMakeFiles/cmTC_ab31b.dir/build.make CMakeFiles/cmTC_ab31b.dir/build
make[1]: Entering directory '/cygdrive/c/dev/projects/ChessLand/build/CMakeFiles/CMakeTmp'
Building CXX object CMakeFiles/cmTC_ab31b.dir/testCXXCompiler.cxx.o
C:/cygwin64/bin/c++.exe     -o CMakeFiles/cmTC_ab31b.dir/testCXXCompiler.cxx.o -c C:/dev/projects/ChessLand/build/CMakeFiles/CMakeTmp/testCXXCompiler.cxx
Linking CXX executable cmTC_ab31b.exe
"C:/Program Files/CMake/bin/cmake.exe" -E rm -f CMakeFiles/cmTC_ab31b.dir/objects.a
C:/cygwin64/bin/ar.exe cr CMakeFiles/cmTC_ab31b.dir/objects.a @CMakeFiles/cmTC_ab31b.dir/objects1.rsp
C:/cygwin64/bin/c++.exe      -Wl,--whole-archive CMakeFiles/cmTC_ab31b.dir/objects.a -Wl,--no-whole-archive  -o cmTC_ab31b.exe -Wl,--out-implib,libcmTC_ab31b.dll.a -Wl,--major-image-version,0,--minor-image-version,0 
make[1]: Leaving directory '/cygdrive/c/dev/projects/ChessLand/build/CMakeFiles/CMakeTmp'



Detecting CXX compiler ABI info compiled with the following output:
Change Dir: C:/dev/projects/ChessLand/build/CMakeFiles/CMakeTmp

Run Build Command(s):C:/cygwin64/bin/make.exe cmTC_a33b6/fast && /usr/bin/make  -f CMakeFiles/cmTC_a33b6.dir/build.make CMakeFiles/cmTC_a33b6.dir/build
make[1]: Entering directory '/cygdrive/c/dev/projects/ChessLand/build/CMakeFiles/CMakeTmp'
Building CXX object CMakeFiles/cmTC_a33b6.dir/CMakeCXXCompilerABI.cpp.o
C:/cygwin64/bin/c++.exe    -v -o CMakeFiles/cmTC_a33b6.dir/CMakeCXXCompilerABI.cpp.o -c "C:/Program Files/CMake/share/cmake-3.17/Modules/CMakeCXXCompilerABI.cpp"
Using built-in specs.
COLLECT_GCC=C:/cygwin64/bin/c++
Target: x86_64-pc-cygwin
Configured with: /cygdrive/i/szsz/tmpp/gcc/gcc-8.3.0-1.x86_64/src/gcc-8.3.0/configure --srcdir=/cygdrive/i/szsz/tmpp/gcc/gcc-8.3.0-1.x86_64/src/gcc-8.3.0 --prefix=/usr --exec-prefix=/usr --localstatedir=/var --sysconfdir=/etc --docdir=/usr/share/doc/gcc --htmldir=/usr/share/doc/gcc/html -C --build=x86_64-pc-cygwin --host=x86_64-pc-cygwin --target=x86_64-pc-cygwin --without-libiconv-prefix --without-libintl-prefix --libexecdir=/usr/lib --enable-shared --enable-shared-libgcc --enable-static --enable-version-specific-runtime-libs --enable-bootstrap --enable-__cxa_atexit --with-dwarf2 --with-tune=generic --enable-languages=ada,c,c++,fortran,lto,objc,obj-c++ --enable-graphite --enable-threads=posix --enable-libatomic --enable-libgomp --enable-libitm --enable-libquadmath --enable-libquadmath-support --disable-libssp --enable-libada --disable-symvers --with-gnu-ld --with-gnu-as --with-cloog-include=/usr/include/cloog-isl --without-libiconv-prefix --without-libintl-prefix --with-system-zlib --enable-linker-build-id --with-default-libstdcxx-abi=gcc4-compatible --enable-libstdcxx-filesystem-ts
Thread model: posix
gcc version 8.3.0 (GCC) 
COLLECT_GCC_OPTIONS='-v' '-o' 'CMakeFiles/cmTC_a33b6.dir/CMakeCXXCompilerABI.cpp.o' '-c' '-shared-libgcc' '-mtune=generic' '-march=x86-64'
 /usr/lib/gcc/x86_64-pc-cygwin/8.3.0/cc1plus.exe -quiet -v -idirafter /usr/lib/gcc/x86_64-pc-cygwin/8.3.0/../../../../lib/../include/w32api -idirafter /usr/lib/gcc/x86_64-pc-cygwin/8.3.0/../../../../x86_64-pc-cygwin/lib/../lib/../../include/w32api C:/Program Files/CMake/share/cmake-3.17/Modules/CMakeCXXCompilerABI.cpp -quiet -dumpbase CMakeCXXCompilerABI.cpp -mtune=generic -march=x86-64 -auxbase-strip CMakeFiles/cmTC_a33b6.dir/CMakeCXXCompilerABI.cpp.o -version -o /cygdrive/c/Users/jake/AppData/Local/Temp/cc7rbHJH.s
GNU C++14 (GCC) version 8.3.0 (x86_64-pc-cygwin)
	compiled by GNU C version 8.3.0, GMP version 6.1.2, MPFR version 4.0.2, MPC version 1.1.0, isl version isl-0.16.1-GMP

GGC heuristics: --param ggc-min-expand=100 --param ggc-min-heapsize=131072
ignoring nonexistent directory "/usr/local/include"
ignoring nonexistent directory "/usr/lib/gcc/x86_64-pc-cygwin/8.3.0/include-fixed"
ignoring nonexistent directory "/usr/lib/gcc/x86_64-pc-cygwin/8.3.0/../../../../x86_64-pc-cygwin/include"
ignoring duplicate directory "/usr/lib/gcc/x86_64-pc-cygwin/8.3.0/../../../../x86_64-pc-cygwin/lib/../lib/../../include/w32api"
#include "..." search starts here:
#include <...> search starts here:
 /usr/lib/gcc/x86_64-pc-cygwin/8.3.0/include/c++
 /usr/lib/gcc/x86_64-pc-cygwin/8.3.0/include/c++/x86_64-pc-cygwin
 /usr/lib/gcc/x86_64-pc-cygwin/8.3.0/include/c++/backward
 /usr/lib/gcc/x86_64-pc-cygwin/8.3.0/include
 /usr/include
 /usr/lib/gcc/x86_64-pc-cygwin/8.3.0/../../../../lib/../include/w32api
End of search list.
GNU C++14 (GCC) version 8.3.0 (x86_64-pc-cygwin)
	compiled by GNU C version 8.3.0, GMP version 6.1.2, MPFR version 4.0.2, MPC version 1.1.0, isl version isl-0.16.1-GMP

GGC heuristics: --param ggc-min-expand=100 --param ggc-min-heapsize=131072
Compiler executable checksum: bed998889edfd32f5c9a3f3c8baa420d
COLLECT_GCC_OPTIONS='-v' '-o' 'CMakeFiles/cmTC_a33b6.dir/CMakeCXXCompilerABI.cpp.o' '-c' '-shared-libgcc' '-mtune=generic' '-march=x86-64'
 /usr/lib/gcc/x86_64-pc-cygwin/8.3.0/../../../../x86_64-pc-cygwin/bin/as.exe -v -o CMakeFiles/cmTC_a33b6.dir/CMakeCXXCompilerABI.cpp.o /cygdrive/c/Users/jake/AppData/Local/Temp/cc7rbHJH.s
GNU assembler version 2.29.1 (x86_64-pc-cygwin) using BFD version (GNU Binutils) 2.29.1.20171006
COMPILER_PATH=/usr/lib/gcc/x86_64-pc-cygwin/8.3.0/:/usr/lib/gcc/x86_64-pc-cygwin/8.3.0/:/usr/lib/gcc/x86_64-pc-cygwin/:/usr/lib/gcc/x86_64-pc-cygwin/8.3.0/:/usr/lib/gcc/x86_64-pc-cygwin/:/usr/lib/gcc/x86_64-pc-cygwin/8.3.0/../../../../x86_64-pc-cygwin/bin/
LIBRARY_PATH=/usr/lib/gcc/x86_64-pc-cygwin/8.3.0/:/usr/lib/gcc/x86_64-pc-cygwin/8.3.0/../../../../x86_64-pc-cygwin/lib/../lib/:/usr/lib/gcc/x86_64-pc-cygwin/8.3.0/../../../../lib/:/lib/../lib/:/usr/lib/../lib/:/usr/lib/gcc/x86_64-pc-cygwin/8.3.0/../../../../x86_64-pc-cygwin/lib/:/usr/lib/gcc/x86_64-pc-cygwin/8.3.0/../../../:/lib/:/usr/lib/
COLLECT_GCC_OPTIONS='-v' '-o' 'CMakeFiles/cmTC_a33b6.dir/CMakeCXXCompilerABI.cpp.o' '-c' '-shared-libgcc' '-mtune=generic' '-march=x86-64'
Linking CXX executable cmTC_a33b6.exe
"C:/Program Files/CMake/bin/cmake.exe" -E rm -f CMakeFiles/cmTC_a33b6.dir/objects.a
C:/cygwin64/bin/ar.exe cr CMakeFiles/cmTC_a33b6.dir/objects.a @CMakeFiles/cmTC_a33b6.dir/objects1.rsp
C:/cygwin64/bin/c++.exe     -v -Wl,--whole-archive CMakeFiles/cmTC_a33b6.dir/objects.a -Wl,--no-whole-archive  -o cmTC_a33b6.exe -Wl,--out-implib,libcmTC_a33b6.dll.a -Wl,--major-image-version,0,--minor-image-version,0 
Using built-in specs.
COLLECT_GCC=C:/cygwin64/bin/c++
COLLECT_LTO_WRAPPER=/usr/lib/gcc/x86_64-pc-cygwin/8.3.0/lto-wrapper.exe
Target: x86_64-pc-cygwin
Configured with: /cygdrive/i/szsz/tmpp/gcc/gcc-8.3.0-1.x86_64/src/gcc-8.3.0/configure --srcdir=/cygdrive/i/szsz/tmpp/gcc/gcc-8.3.0-1.x86_64/src/gcc-8.3.0 --prefix=/usr --exec-prefix=/usr --localstatedir=/var --sysconfdir=/etc --docdir=/usr/share/doc/gcc --htmldir=/usr/share/doc/gcc/html -C --build=x86_64-pc-cygwin --host=x86_64-pc-cygwin --target=x86_64-pc-cygwin --without-libiconv-prefix --without-libintl-prefix --libexecdir=/usr/lib --enable-shared --enable-shared-libgcc --enable-static --enable-version-specific-runtime-libs --enable-bootstrap --enable-__cxa_atexit --with-dwarf2 --with-tune=generic --enable-languages=ada,c,c++,fortran,lto,objc,obj-c++ --enable-graphite --enable-threads=posix --enable-libatomic --enable-libgomp --enable-libitm --enable-libquadmath --enable-libquadmath-support --disable-libssp --enable-libada --disable-symvers --with-gnu-ld --with-gnu-as --with-cloog-include=/usr/include/cloog-isl --without-libiconv-prefix --without-libintl-prefix --with-system-zlib --enable-linker-build-id --with-default-libstdcxx-abi=gcc4-compatible --enable-libstdcxx-filesystem-ts
Thread model: posix
gcc version 8.3.0 (GCC) 
COMPILER_PATH=/usr/lib/gcc/x86_64-pc-cygwin/8.3.0/:/usr/lib/gcc/x86_64-pc-cygwin/8.3.0/:/usr/lib/gcc/x86_64-pc-cygwin/:/usr/lib/gcc/x86_64-pc-cygwin/8.3.0/:/usr/lib/gcc/x86_64-pc-cygwin/:/usr/lib/gcc/x86_64-pc-cygwin/8.3.0/../../../../x86_64-pc-cygwin/bin/
LIBRARY_PATH=/usr/lib/gcc/x86_64-pc-cygwin/8.3.0/:/usr/lib/gcc/x86_64-pc-cygwin/8.3.0/../../../../x86_64-pc-cygwin/lib/../lib/:/usr/lib/gcc/x86_64-pc-cygwin/8.3.0/../../../../lib/:/lib/../lib/:/usr/lib/../lib/:/usr/lib/gcc/x86_64-pc-cygwin/8.3.0/../../../../x86_64-pc-cygwin/lib/:/usr/lib/gcc/x86_64-pc-cygwin/8.3.0/../../../:/lib/:/usr/lib/
COLLECT_GCC_OPTIONS='-v' '-o' 'cmTC_a33b6.exe' '-shared-libgcc' '-mtune=generic' '-march=x86-64'
 /usr/lib/gcc/x86_64-pc-cygwin/8.3.0/collect2.exe -plugin /usr/lib/gcc/x86_64-pc-cygwin/8.3.0/cyglto_plugin.dll -plugin-opt=/usr/lib/gcc/x86_64-pc-cygwin/8.3.0/lto-wrapper.exe -plugin-opt=-fresolution=/cygdrive/c/Users/jake/AppData/Local/Temp/ccbTwAm4.res -plugin-opt=-pass-through=-lgcc_s -plugin-opt=-pass-through=-lgcc -plugin-opt=-pass-through=-lcygwin -plugin-opt=-pass-through=-ladvapi32 -plugin-opt=-pass-through=-lshell32 -plugin-opt=-pass-through=-luser32 -plugin-opt=-pass-through=-lkernel32 -plugin-opt=-pass-through=-lgcc_s -plugin-opt=-pass-through=-lgcc --build-id -m i386pep --wrap _Znwm --wrap _Znam --wrap _ZdlPv --wrap _ZdaPv --wrap _ZnwmRKSt9nothrow_t --wrap _ZnamRKSt9nothrow_t --wrap _ZdlPvRKSt9nothrow_t --wrap _ZdaPvRKSt9nothrow_t -Bdynamic --dll-search-prefix=cyg --tsaware -o cmTC_a33b6.exe /usr/lib/gcc/x86_64-pc-cygwin/8.3.0/../../../../lib/crt0.o /usr/lib/gcc/x86_64-pc-cygwin/8.3.0/crtbegin.o -L/usr/lib/gcc/x86_64-pc-cygwin/8.3.0 -L/usr/lib/gcc/x86_64-pc-cygwin/8.3.0/../../../../x86_64-pc-cygwin/lib/../lib -L/usr/lib/gcc/x86_64-pc-cygwin/8.3.0/../../../../lib -L/lib/../lib -L/usr/lib/../lib -L/usr/lib/gcc/x86_64-pc-cygwin/8.3.0/../../../../x86_64-pc-cygwin/lib -L/usr/lib/gcc/x86_64-pc-cygwin/8.3.0/../../.. --whole-archive CMakeFiles/cmTC_a33b6.dir/objects.a --no-whole-archive --out-implib libcmTC_a33b6.dll.a --major-image-version 0 --minor-image-version 0 -lstdc++ -lgcc_s -lgcc -lcygwin -ladvapi32 -lshell32 -luser32 -lkernel32 -lgcc_s -lgcc /usr/lib/gcc/x86_64-pc-cygwin/8.3.0/../../../../lib/default-manifest.o /usr/lib/gcc/x86_64-pc-cygwin/8.3.0/crtend.o
COLLECT_GCC_OPTIONS='-v' '-o' 'cmTC_a33b6.exe' '-shared-libgcc' '-mtune=generic' '-march=x86-64'
make[1]: Leaving directory '/cygdrive/c/dev/projects/ChessLand/build/CMakeFiles/CMakeTmp'



Parsed CXX implicit include dir info from above output: rv=done
  found start of include info
  found start of implicit include info
    add: [/usr/lib/gcc/x86_64-pc-cygwin/8.3.0/include/c++]
    add: [/usr/lib/gcc/x86_64-pc-cygwin/8.3.0/include/c++/x86_64-pc-cygwin]
    add: [/usr/lib/gcc/x86_64-pc-cygwin/8.3.0/include/c++/backward]
    add: [/usr/lib/gcc/x86_64-pc-cygwin/8.3.0/include]
    add: [/usr/include]
    add: [/usr/lib/gcc/x86_64-pc-cygwin/8.3.0/../../../../lib/../include/w32api]
  end of search list found
  collapse include dir [/usr/lib/gcc/x86_64-pc-cygwin/8.3.0/include/c++] ==> [/usr/lib/gcc/x86_64-pc-cygwin/8.3.0/include/c++]
  collapse include dir [/usr/lib/gcc/x86_64-pc-cygwin/8.3.0/include/c++/x86_64-pc-cygwin] ==> [/usr/lib/gcc/x86_64-pc-cygwin/8.3.0/include/c++/x86_64-pc-cygwin]
  collapse include dir [/usr/lib/gcc/x86_64-pc-cygwin/8.3.0/include/c++/backward] ==> [/usr/lib/gcc/x86_64-pc-cygwin/8.3.0/include/c++/backward]
  collapse include dir [/usr/lib/gcc/x86_64-pc-cygwin/8.3.0/include] ==> [/usr/lib/gcc/x86_64-pc-cygwin/8.3.0/include]
  collapse include dir [/usr/include] ==> [/usr/include]
  collapse include dir [/usr/lib/gcc/x86_64-pc-cygwin/8.3.0/../../../../lib/../include/w32api] ==> [/usr/include/w32api]
  implicit include dirs: [/usr/lib/gcc/x86_64-pc-cygwin/8.3.0/include/c++;/usr/lib/gcc/x86_64-pc-cygwin/8.3.0/include/c++/x86_64-pc-cygwin;/usr/lib/gcc/x86_64-pc-cygwin/8.3.0/include/c++/backward;/usr/lib/gcc/x86_64-pc-cygwin/8.3.0/include;/usr/include;/usr/include/w32api]


Parsed CXX implicit link information from above output:
  link line regex: [^( *|.*[/\])(ld\.exe|CMAKE_LINK_STARTFILE-NOTFOUND|([^/\]+-)?ld|collect2)[^/\]*( |$)]
  ignore line: [Change Dir: C:/dev/projects/ChessLand/build/CMakeFiles/CMakeTmp]
  ignore line: []
  ignore line: [Run Build Command(s):C:/cygwin64/bin/make.exe cmTC_a33b6/fast && /usr/bin/make  -f CMakeFiles/cmTC_a33b6.dir/build.make CMakeFiles/cmTC_a33b6.dir/build]
  ignore line: [make[1]: Entering directory '/cygdrive/c/dev/projects/ChessLand/build/CMakeFiles/CMakeTmp']
  ignore line: [Building CXX object CMakeFiles/cmTC_a33b6.dir/CMakeCXXCompilerABI.cpp.o]
  ignore line: [C:/cygwin64/bin/c++.exe    -v -o CMakeFiles/cmTC_a33b6.dir/CMakeCXXCompilerABI.cpp.o -c "C:/Program Files/CMake/share/cmake-3.17/Modules/CMakeCXXCompilerABI.cpp"]
  ignore line: [Using built-in specs.]
  ignore line: [COLLECT_GCC=C:/cygwin64/bin/c++]
  ignore line: [Target: x86_64-pc-cygwin]
  ignore line: [Configured with: /cygdrive/i/szsz/tmpp/gcc/gcc-8.3.0-1.x86_64/src/gcc-8.3.0/configure --srcdir=/cygdrive/i/szsz/tmpp/gcc/gcc-8.3.0-1.x86_64/src/gcc-8.3.0 --prefix=/usr --exec-prefix=/usr --localstatedir=/var --sysconfdir=/etc --docdir=/usr/share/doc/gcc --htmldir=/usr/share/doc/gcc/html -C --build=x86_64-pc-cygwin --host=x86_64-pc-cygwin --target=x86_64-pc-cygwin --without-libiconv-prefix --without-libintl-prefix --libexecdir=/usr/lib --enable-shared --enable-shared-libgcc --enable-static --enable-version-specific-runtime-libs --enable-bootstrap --enable-__cxa_atexit --with-dwarf2 --with-tune=generic --enable-languages=ada,c,c++,fortran,lto,objc,obj-c++ --enable-graphite --enable-threads=posix --enable-libatomic --enable-libgomp --enable-libitm --enable-libquadmath --enable-libquadmath-support --disable-libssp --enable-libada --disable-symvers --with-gnu-ld --with-gnu-as --with-cloog-include=/usr/include/cloog-isl --without-libiconv-prefix --without-libintl-prefix --with-system-zlib --enable-linker-build-id --with-default-libstdcxx-abi=gcc4-compatible --enable-libstdcxx-filesystem-ts]
  ignore line: [Thread model: posix]
  ignore line: [gcc version 8.3.0 (GCC) ]
  ignore line: [COLLECT_GCC_OPTIONS='-v' '-o' 'CMakeFiles/cmTC_a33b6.dir/CMakeCXXCompilerABI.cpp.o' '-c' '-shared-libgcc' '-mtune=generic' '-march=x86-64']
  ignore line: [ /usr/lib/gcc/x86_64-pc-cygwin/8.3.0/cc1plus.exe -quiet -v -idirafter /usr/lib/gcc/x86_64-pc-cygwin/8.3.0/../../../../lib/../include/w32api -idirafter /usr/lib/gcc/x86_64-pc-cygwin/8.3.0/../../../../x86_64-pc-cygwin/lib/../lib/../../include/w32api C:/Program Files/CMake/share/cmake-3.17/Modules/CMakeCXXCompilerABI.cpp -quiet -dumpbase CMakeCXXCompilerABI.cpp -mtune=generic -march=x86-64 -auxbase-strip CMakeFiles/cmTC_a33b6.dir/CMakeCXXCompilerABI.cpp.o -version -o /cygdrive/c/Users/jake/AppData/Local/Temp/cc7rbHJH.s]
  ignore line: [GNU C++14 (GCC) version 8.3.0 (x86_64-pc-cygwin)]
  ignore line: [	compiled by GNU C version 8.3.0  GMP version 6.1.2  MPFR version 4.0.2  MPC version 1.1.0  isl version isl-0.16.1-GMP]
  ignore line: []
  ignore line: [GGC heuristics: --param ggc-min-expand=100 --param ggc-min-heapsize=131072]
  ignore line: [ignoring nonexistent directory "/usr/local/include"]
  ignore line: [ignoring nonexistent directory "/usr/lib/gcc/x86_64-pc-cygwin/8.3.0/include-fixed"]
  ignore line: [ignoring nonexistent directory "/usr/lib/gcc/x86_64-pc-cygwin/8.3.0/../../../../x86_64-pc-cygwin/include"]
  ignore line: [ignoring duplicate directory "/usr/lib/gcc/x86_64-pc-cygwin/8.3.0/../../../../x86_64-pc-cygwin/lib/../lib/../../include/w32api"]
  ignore line: [#include "..." search starts here:]
  ignore line: [#include <...> search starts here:]
  ignore line: [ /usr/lib/gcc/x86_64-pc-cygwin/8.3.0/include/c++]
  ignore line: [ /usr/lib/gcc/x86_64-pc-cygwin/8.3.0/include/c++/x86_64-pc-cygwin]
  ignore line: [ /usr/lib/gcc/x86_64-pc-cygwin/8.3.0/include/c++/backward]
  ignore line: [ /usr/lib/gcc/x86_64-pc-cygwin/8.3.0/include]
  ignore line: [ /usr/include]
  ignore line: [ /usr/lib/gcc/x86_64-pc-cygwin/8.3.0/../../../../lib/../include/w32api]
  ignore line: [End of search list.]
  ignore line: [GNU C++14 (GCC) version 8.3.0 (x86_64-pc-cygwin)]
  ignore line: [	compiled by GNU C version 8.3.0  GMP version 6.1.2  MPFR version 4.0.2  MPC version 1.1.0  isl version isl-0.16.1-GMP]
  ignore line: []
  ignore line: [GGC heuristics: --param ggc-min-expand=100 --param ggc-min-heapsize=131072]
  ignore line: [Compiler executable checksum: bed998889edfd32f5c9a3f3c8baa420d]
  ignore line: [COLLECT_GCC_OPTIONS='-v' '-o' 'CMakeFiles/cmTC_a33b6.dir/CMakeCXXCompilerABI.cpp.o' '-c' '-shared-libgcc' '-mtune=generic' '-march=x86-64']
  ignore line: [ /usr/lib/gcc/x86_64-pc-cygwin/8.3.0/../../../../x86_64-pc-cygwin/bin/as.exe -v -o CMakeFiles/cmTC_a33b6.dir/CMakeCXXCompilerABI.cpp.o /cygdrive/c/Users/jake/AppData/Local/Temp/cc7rbHJH.s]
  ignore line: [GNU assembler version 2.29.1 (x86_64-pc-cygwin) using BFD version (GNU Binutils) 2.29.1.20171006]
  ignore line: [COMPILER_PATH=/usr/lib/gcc/x86_64-pc-cygwin/8.3.0/:/usr/lib/gcc/x86_64-pc-cygwin/8.3.0/:/usr/lib/gcc/x86_64-pc-cygwin/:/usr/lib/gcc/x86_64-pc-cygwin/8.3.0/:/usr/lib/gcc/x86_64-pc-cygwin/:/usr/lib/gcc/x86_64-pc-cygwin/8.3.0/../../../../x86_64-pc-cygwin/bin/]
  ignore line: [LIBRARY_PATH=/usr/lib/gcc/x86_64-pc-cygwin/8.3.0/:/usr/lib/gcc/x86_64-pc-cygwin/8.3.0/../../../../x86_64-pc-cygwin/lib/../lib/:/usr/lib/gcc/x86_64-pc-cygwin/8.3.0/../../../../lib/:/lib/../lib/:/usr/lib/../lib/:/usr/lib/gcc/x86_64-pc-cygwin/8.3.0/../../../../x86_64-pc-cygwin/lib/:/usr/lib/gcc/x86_64-pc-cygwin/8.3.0/../../../:/lib/:/usr/lib/]
  ignore line: [COLLECT_GCC_OPTIONS='-v' '-o' 'CMakeFiles/cmTC_a33b6.dir/CMakeCXXCompilerABI.cpp.o' '-c' '-shared-libgcc' '-mtune=generic' '-march=x86-64']
  ignore line: [Linking CXX executable cmTC_a33b6.exe]
  ignore line: ["C:/Program Files/CMake/bin/cmake.exe" -E rm -f CMakeFiles/cmTC_a33b6.dir/objects.a]
  ignore line: [C:/cygwin64/bin/ar.exe cr CMakeFiles/cmTC_a33b6.dir/objects.a @CMakeFiles/cmTC_a33b6.dir/objects1.rsp]
  ignore line: [C:/cygwin64/bin/c++.exe     -v -Wl --whole-archive CMakeFiles/cmTC_a33b6.dir/objects.a -Wl --no-whole-archive  -o cmTC_a33b6.exe -Wl --out-implib libcmTC_a33b6.dll.a -Wl --major-image-version 0 --minor-image-version 0 ]
  ignore line: [Using built-in specs.]
  ignore line: [COLLECT_GCC=C:/cygwin64/bin/c++]
  ignore line: [COLLECT_LTO_WRAPPER=/usr/lib/gcc/x86_64-pc-cygwin/8.3.0/lto-wrapper.exe]
  ignore line: [Target: x86_64-pc-cygwin]
  ignore line: [Configured with: /cygdrive/i/szsz/tmpp/gcc/gcc-8.3.0-1.x86_64/src/gcc-8.3.0/configure --srcdir=/cygdrive/i/szsz/tmpp/gcc/gcc-8.3.0-1.x86_64/src/gcc-8.3.0 --prefix=/usr --exec-prefix=/usr --localstatedir=/var --sysconfdir=/etc --docdir=/usr/share/doc/gcc --htmldir=/usr/share/doc/gcc/html -C --build=x86_64-pc-cygwin --host=x86_64-pc-cygwin --target=x86_64-pc-cygwin --without-libiconv-prefix --without-libintl-prefix --libexecdir=/usr/lib --enable-shared --enable-shared-libgcc --enable-static --enable-version-specific-runtime-libs --enable-bootstrap --enable-__cxa_atexit --with-dwarf2 --with-tune=generic --enable-languages=ada,c,c++,fortran,lto,objc,obj-c++ --enable-graphite --enable-threads=posix --enable-libatomic --enable-libgomp --enable-libitm --enable-libquadmath --enable-libquadmath-support --disable-libssp --enable-libada --disable-symvers --with-gnu-ld --with-gnu-as --with-cloog-include=/usr/include/cloog-isl --without-libiconv-prefix --without-libintl-prefix --with-system-zlib --enable-linker-build-id --with-default-libstdcxx-abi=gcc4-compatible --enable-libstdcxx-filesystem-ts]
  ignore line: [Thread model: posix]
  ignore line: [gcc version 8.3.0 (GCC) ]
  ignore line: [COMPILER_PATH=/usr/lib/gcc/x86_64-pc-cygwin/8.3.0/:/usr/lib/gcc/x86_64-pc-cygwin/8.3.0/:/usr/lib/gcc/x86_64-pc-cygwin/:/usr/lib/gcc/x86_64-pc-cygwin/8.3.0/:/usr/lib/gcc/x86_64-pc-cygwin/:/usr/lib/gcc/x86_64-pc-cygwin/8.3.0/../../../../x86_64-pc-cygwin/bin/]
  ignore line: [LIBRARY_PATH=/usr/lib/gcc/x86_64-pc-cygwin/8.3.0/:/usr/lib/gcc/x86_64-pc-cygwin/8.3.0/../../../../x86_64-pc-cygwin/lib/../lib/:/usr/lib/gcc/x86_64-pc-cygwin/8.3.0/../../../../lib/:/lib/../lib/:/usr/lib/../lib/:/usr/lib/gcc/x86_64-pc-cygwin/8.3.0/../../../../x86_64-pc-cygwin/lib/:/usr/lib/gcc/x86_64-pc-cygwin/8.3.0/../../../:/lib/:/usr/lib/]
  ignore line: [COLLECT_GCC_OPTIONS='-v' '-o' 'cmTC_a33b6.exe' '-shared-libgcc' '-mtune=generic' '-march=x86-64']
  link line: [ /usr/lib/gcc/x86_64-pc-cygwin/8.3.0/collect2.exe -plugin /usr/lib/gcc/x86_64-pc-cygwin/8.3.0/cyglto_plugin.dll -plugin-opt=/usr/lib/gcc/x86_64-pc-cygwin/8.3.0/lto-wrapper.exe -plugin-opt=-fresolution=/cygdrive/c/Users/jake/AppData/Local/Temp/ccbTwAm4.res -plugin-opt=-pass-through=-lgcc_s -plugin-opt=-pass-through=-lgcc -plugin-opt=-pass-through=-lcygwin -plugin-opt=-pass-through=-ladvapi32 -plugin-opt=-pass-through=-lshell32 -plugin-opt=-pass-through=-luser32 -plugin-opt=-pass-through=-lkernel32 -plugin-opt=-pass-through=-lgcc_s -plugin-opt=-pass-through=-lgcc --build-id -m i386pep --wrap _Znwm --wrap _Znam --wrap _ZdlPv --wrap _ZdaPv --wrap _ZnwmRKSt9nothrow_t --wrap _ZnamRKSt9nothrow_t --wrap _ZdlPvRKSt9nothrow_t --wrap _ZdaPvRKSt9nothrow_t -Bdynamic --dll-search-prefix=cyg --tsaware -o cmTC_a33b6.exe /usr/lib/gcc/x86_64-pc-cygwin/8.3.0/../../../../lib/crt0.o /usr/lib/gcc/x86_64-pc-cygwin/8.3.0/crtbegin.o -L/usr/lib/gcc/x86_64-pc-cygwin/8.3.0 -L/usr/lib/gcc/x86_64-pc-cygwin/8.3.0/../../../../x86_64-pc-cygwin/lib/../lib -L/usr/lib/gcc/x86_64-pc-cygwin/8.3.0/../../../../lib -L/lib/../lib -L/usr/lib/../lib -L/usr/lib/gcc/x86_64-pc-cygwin/8.3.0/../../../../x86_64-pc-cygwin/lib -L/usr/lib/gcc/x86_64-pc-cygwin/8.3.0/../../.. --whole-archive CMakeFiles/cmTC_a33b6.dir/objects.a --no-whole-archive --out-implib libcmTC_a33b6.dll.a --major-image-version 0 --minor-image-version 0 -lstdc++ -lgcc_s -lgcc -lcygwin -ladvapi32 -lshell32 -luser32 -lkernel32 -lgcc_s -lgcc /usr/lib/gcc/x86_64-pc-cygwin/8.3.0/../../../../lib/default-manifest.o /usr/lib/gcc/x86_64-pc-cygwin/8.3.0/crtend.o]
    arg [/usr/lib/gcc/x86_64-pc-cygwin/8.3.0/collect2.exe] ==> ignore
    arg [-plugin] ==> ignore
    arg [/usr/lib/gcc/x86_64-pc-cygwin/8.3.0/cyglto_plugin.dll] ==> ignore
    arg [-plugin-opt=/usr/lib/gcc/x86_64-pc-cygwin/8.3.0/lto-wrapper.exe] ==> ignore
    arg [-plugin-opt=-fresolution=/cygdrive/c/Users/jake/AppData/Local/Temp/ccbTwAm4.res] ==> ignore
    arg [-plugin-opt=-pass-through=-lgcc_s] ==> ignore
    arg [-plugin-opt=-pass-through=-lgcc] ==> ignore
    arg [-plugin-opt=-pass-through=-lcygwin] ==> ignore
    arg [-plugin-opt=-pass-through=-ladvapi32] ==> ignore
    arg [-plugin-opt=-pass-through=-lshell32] ==> ignore
    arg [-plugin-opt=-pass-through=-luser32] ==> ignore
    arg [-plugin-opt=-pass-through=-lkernel32] ==> ignore
    arg [-plugin-opt=-pass-through=-lgcc_s] ==> ignore
    arg [-plugin-opt=-pass-through=-lgcc] ==> ignore
    arg [--build-id] ==> ignore
    arg [-m] ==> ignore
    arg [i386pep] ==> ignore
    arg [--wrap] ==> ignore
    arg [_Znwm] ==> ignore
    arg [--wrap] ==> ignore
    arg [_Znam] ==> ignore
    arg [--wrap] ==> ignore
    arg [_ZdlPv] ==> ignore
    arg [--wrap] ==> ignore
    arg [_ZdaPv] ==> ignore
    arg [--wrap] ==> ignore
    arg [_ZnwmRKSt9nothrow_t] ==> ignore
    arg [--wrap] ==> ignore
    arg [_ZnamRKSt9nothrow_t] ==> ignore
    arg [--wrap] ==> ignore
    arg [_ZdlPvRKSt9nothrow_t] ==> ignore
    arg [--wrap] ==> ignore
    arg [_ZdaPvRKSt9nothrow_t] ==> ignore
    arg [-Bdynamic] ==> ignore
    arg [--dll-search-prefix=cyg] ==> ignore
    arg [--tsaware] ==> ignore
    arg [-o] ==> ignore
    arg [cmTC_a33b6.exe] ==> ignore
    arg [/usr/lib/gcc/x86_64-pc-cygwin/8.3.0/../../../../lib/crt0.o] ==> ignore
    arg [/usr/lib/gcc/x86_64-pc-cygwin/8.3.0/crtbegin.o] ==> ignore
    arg [-L/usr/lib/gcc/x86_64-pc-cygwin/8.3.0] ==> dir [/usr/lib/gcc/x86_64-pc-cygwin/8.3.0]
    arg [-L/usr/lib/gcc/x86_64-pc-cygwin/8.3.0/../../../../x86_64-pc-cygwin/lib/../lib] ==> dir [/usr/lib/gcc/x86_64-pc-cygwin/8.3.0/../../../../x86_64-pc-cygwin/lib/../lib]
    arg [-L/usr/lib/gcc/x86_64-pc-cygwin/8.3.0/../../../../lib] ==> dir [/usr/lib/gcc/x86_64-pc-cygwin/8.3.0/../../../../lib]
    arg [-L/lib/../lib] ==> dir [/lib/../lib]
    arg [-L/usr/lib/../lib] ==> dir [/usr/lib/../lib]
    arg [-L/usr/lib/gcc/x86_64-pc-cygwin/8.3.0/../../../../x86_64-pc-cygwin/lib] ==> dir [/usr/lib/gcc/x86_64-pc-cygwin/8.3.0/../../../../x86_64-pc-cygwin/lib]
    arg [-L/usr/lib/gcc/x86_64-pc-cygwin/8.3.0/../../..] ==> dir [/usr/lib/gcc/x86_64-pc-cygwin/8.3.0/../../..]
    arg [--whole-archive] ==> ignore
    arg [CMakeFiles/cmTC_a33b6.dir/objects.a] ==> ignore
    arg [--no-whole-archive] ==> ignore
    arg [--out-implib] ==> ignore
    arg [libcmTC_a33b6.dll.a] ==> ignore
    arg [--major-image-version] ==> ignore
    arg [0] ==> ignore
    arg [--minor-image-version] ==> ignore
    arg [0] ==> ignore
    arg [-lstdc++] ==> lib [stdc++]
    arg [-lgcc_s] ==> lib [gcc_s]
    arg [-lgcc] ==> lib [gcc]
    arg [-lcygwin] ==> lib [cygwin]
    arg [-ladvapi32] ==> lib [advapi32]
    arg [-lshell32] ==> lib [shell32]
    arg [-luser32] ==> lib [user32]
    arg [-lkernel32] ==> lib [kernel32]
    arg [-lgcc_s] ==> lib [gcc_s]
    arg [-lgcc] ==> lib [gcc]
    arg [/usr/lib/gcc/x86_64-pc-cygwin/8.3.0/../../../../lib/default-manifest.o] ==> ignore
    arg [/usr/lib/gcc/x86_64-pc-cygwin/8.3.0/crtend.o] ==> ignore
  collapse library dir [/usr/lib/gcc/x86_64-pc-cygwin/8.3.0] ==> [/usr/lib/gcc/x86_64-pc-cygwin/8.3.0]
  collapse library dir [/usr/lib/gcc/x86_64-pc-cygwin/8.3.0/../../../../x86_64-pc-cygwin/lib/../lib] ==> [/usr/x86_64-pc-cygwin/lib]
  collapse library dir [/usr/lib/gcc/x86_64-pc-cygwin/8.3.0/../../../../lib] ==> [/usr/lib]
  collapse library dir [/lib/../lib] ==> [/lib]
  collapse library dir [/usr/lib/../lib] ==> [/usr/lib]
  collapse library dir [/usr/lib/gcc/x86_64-pc-cygwin/8.3.0/../../../../x86_64-pc-cygwin/lib] ==> [/usr/x86_64-pc-cygwin/lib]
  collapse library dir [/usr/lib/gcc/x86_64-pc-cygwin/8.3.0/../../..] ==> [/usr/lib]
  implicit libs: [stdc++;gcc_s;gcc;cygwin;advapi32;shell32;user32;kernel32;gcc_s;gcc]
  implicit dirs: [/usr/lib/gcc/x86_64-pc-cygwin/8.3.0;/usr/x86_64-pc-cygwin/lib;/usr/lib;/lib]
  implicit fwks: []


